WARNING] [options] system modules path not set in conjunction with -source 11
[WARNING] /Users/daniel/Documents/njit/WPI-Research/experiments-live/Nameless-Java-API-WPI/src/main/java/com/namelessmc/java_api/integrations/DetailedDiscordIntegrationData.java:[12,46] [nullness:method.invocation] call to identifier() not allowed on the given receiver.
  found   : @UnderInitialization(com.namelessmc.java_api.integrations.DetailedDiscordIntegrationData.class) @NonNull IntegrationData
  required: @Initialized @NonNull IntegrationData
[WARNING] /Users/daniel/Documents/njit/WPI-Research/experiments-live/Nameless-Java-API-WPI/src/main/java/com/namelessmc/java_api/integrations/DetailedMinecraftIntegrationData.java:[15,63] [nullness:method.invocation] call to identifier() not allowed on the given receiver.
  found   : @UnderInitialization(com.namelessmc.java_api.integrations.DetailedIntegrationData.class) @NonNull IntegrationData
  required: @Initialized @NonNull IntegrationData
[WARNING] /Users/daniel/Documents/njit/WPI-Research/experiments-live/Nameless-Java-API-WPI/src/main/java/com/namelessmc/java_api/NamelessUser.java:[148,22] [keyfor:purity.not.deterministic.not.sideeffectfree.call] call to non-deterministic side-effecting this.userInfo not allowed in deterministic side-effect-free method
[WARNING] /Users/daniel/Documents/njit/WPI-Research/experiments-live/Nameless-Java-API-WPI/src/main/java/com/namelessmc/java_api/NamelessUser.java:[148,22] [nullness:purity.not.deterministic.not.sideeffectfree.call] call to non-deterministic side-effecting this.userInfo not allowed in deterministic side-effect-free method
[WARNING] /Users/daniel/Documents/njit/WPI-Research/experiments-live/Nameless-Java-API-WPI/src/main/java/com/namelessmc/java_api/NamelessUser.java:[148,28] [keyfor:purity.not.deterministic.not.sideeffectfree.call] call to non-deterministic side-effecting this.userInfo().get not allowed in deterministic side-effect-free method
[WARNING] /Users/daniel/Documents/njit/WPI-Research/experiments-live/Nameless-Java-API-WPI/src/main/java/com/namelessmc/java_api/NamelessUser.java:[148,28] [nullness:purity.not.deterministic.not.sideeffectfree.call] call to non-deterministic side-effecting this.userInfo().get not allowed in deterministic side-effect-free method
[WARNING] /Users/daniel/Documents/njit/WPI-Research/experiments-live/Nameless-Java-API-WPI/src/main/java/com/namelessmc/java_api/NamelessUser.java:[148,50] [keyfor:purity.not.deterministic.not.sideeffectfree.call] call to non-deterministic side-effecting this.userInfo().get("locale").getAsString not allowed in deterministic side-effect-free method
[WARNING] /Users/daniel/Documents/njit/WPI-Research/experiments-live/Nameless-Java-API-WPI/src/main/java/com/namelessmc/java_api/NamelessUser.java:[148,50] [nullness:purity.not.deterministic.not.sideeffectfree.call] call to non-deterministic side-effecting this.userInfo().get("locale").getAsString not allowed in deterministic side-effect-free method
[WARNING] /Users/daniel/Documents/njit/WPI-Research/experiments-live/Nameless-Java-API-WPI/src/main/java/com/namelessmc/java_api/NamelessUser.java:[148,50] [optional:purity.not.deterministic.not.sideeffectfree.call] call to non-deterministic side-effecting this.userInfo().get("locale").getAsString not allowed in deterministic side-effect-free method
[WARNING] /Users/daniel/Documents/njit/WPI-Research/experiments-live/Nameless-Java-API-WPI/src/main/java/com/namelessmc/java_api/NamelessUser.java:[148,28] [optional:purity.not.deterministic.not.sideeffectfree.call] call to non-deterministic side-effecting this.userInfo().get not allowed in deterministic side-effect-free method
[WARNING] /Users/daniel/Documents/njit/WPI-Research/experiments-live/Nameless-Java-API-WPI/src/main/java/com/namelessmc/java_api/NamelessUser.java:[148,22] [optional:purity.not.deterministic.not.sideeffectfree.call] call to non-deterministic side-effecting this.userInfo not allowed in deterministic side-effect-free method
[WARNING] /Users/daniel/Documents/njit/WPI-Research/experiments-live/Nameless-Java-API-WPI/src/main/java/com/namelessmc/java_api/NamelessUser.java:[148,50] [regex:purity.not.deterministic.not.sideeffectfree.call] call to non-deterministic side-effecting this.userInfo().get("locale").getAsString not allowed in deterministic side-effect-free method
[WARNING] /Users/daniel/Documents/njit/WPI-Research/experiments-live/Nameless-Java-API-WPI/src/main/java/com/namelessmc/java_api/NamelessUser.java:[148,28] [regex:purity.not.deterministic.not.sideeffectfree.call] call to non-deterministic side-effecting this.userInfo().get not allowed in deterministic side-effect-free method
[WARNING] /Users/daniel/Documents/njit/WPI-Research/experiments-live/Nameless-Java-API-WPI/src/main/java/com/namelessmc/java_api/NamelessUser.java:[148,22] [regex:purity.not.deterministic.not.sideeffectfree.call] call to non-deterministic side-effecting this.userInfo not allowed in deterministic side-effect-free method
[WARNING] /Users/daniel/Documents/njit/WPI-Research/experiments-live/Nameless-Java-API-WPI/src/main/java/com/namelessmc/java_api/NamelessUser.java:[148,50] [formatter:purity.not.deterministic.not.sideeffectfree.call] call to non-deterministic side-effecting this.userInfo().get("locale").getAsString not allowed in deterministic side-effect-free method
[WARNING] /Users/daniel/Documents/njit/WPI-Research/experiments-live/Nameless-Java-API-WPI/src/main/java/com/namelessmc/java_api/NamelessUser.java:[148,28] [formatter:purity.not.deterministic.not.sideeffectfree.call] call to non-deterministic side-effecting this.userInfo().get not allowed in deterministic side-effect-free method
[WARNING] /Users/daniel/Documents/njit/WPI-Research/experiments-live/Nameless-Java-API-WPI/src/main/java/com/namelessmc/java_api/NamelessUser.java:[148,22] [formatter:purity.not.deterministic.not.sideeffectfree.call] call to non-deterministic side-effecting this.userInfo not allowed in deterministic side-effect-free method
[WARNING] /Users/daniel/Documents/njit/WPI-Research/experiments-live/Nameless-Java-API-WPI/src/main/java/com/namelessmc/java_api/RequestHandler.java:[89,14] [keyfor:purity.deterministic.void.method] a method without return value cannot be deterministic
[WARNING] /Users/daniel/Documents/njit/WPI-Research/experiments-live/Nameless-Java-API-WPI/src/main/java/com/namelessmc/java_api/RequestHandler.java:[89,14] [nullness:purity.deterministic.void.method] a method without return value cannot be deterministic
[WARNING] /Users/daniel/Documents/njit/WPI-Research/experiments-live/Nameless-Java-API-WPI/src/main/java/com/namelessmc/java_api/RequestHandler.java:[89,14] [optional:purity.deterministic.void.method] a method without return value cannot be deterministic
[WARNING] /Users/daniel/Documents/njit/WPI-Research/experiments-live/Nameless-Java-API-WPI/src/main/java/com/namelessmc/java_api/RequestHandler.java:[89,14] [regex:purity.deterministic.void.method] a method without return value cannot be deterministic
[WARNING] /Users/daniel/Documents/njit/WPI-Research/experiments-live/Nameless-Java-API-WPI/src/main/java/com/namelessmc/java_api/RequestHandler.java:[89,14] [formatter:purity.deterministic.void.method] a method without return value cannot be deterministic
[WARNING] /Users/daniel/Documents/njit/WPI-Research/experiments-live/Nameless-Java-API-WPI/src/main/java/com/namelessmc/java_api/logger/ApiLogger.java:[5,22] [keyfor:purity.deterministic.void.method] a method without return value cannot be deterministic
[WARNING] /Users/daniel/Documents/njit/WPI-Research/experiments-live/Nameless-Java-API-WPI/src/main/java/com/namelessmc/java_api/logger/ApiLogger.java:[5,22] [nullness:purity.deterministic.void.method] a method without return value cannot be deterministic
[WARNING] /Users/daniel/Documents/njit/WPI-Research/experiments-live/Nameless-Java-API-WPI/src/main/java/com/namelessmc/java_api/logger/ApiLogger.java:[5,22] [optional:purity.deterministic.void.method] a method without return value cannot be deterministic
[WARNING] /Users/daniel/Documents/njit/WPI-Research/experiments-live/Nameless-Java-API-WPI/src/main/java/com/namelessmc/java_api/logger/ApiLogger.java:[5,22] [regex:purity.deterministic.void.method] a method without return value cannot be deterministic
[WARNING] /Users/daniel/Documents/njit/WPI-Research/experiments-live/Nameless-Java-API-WPI/src/main/java/com/namelessmc/java_api/logger/ApiLogger.java:[5,22] [formatter:purity.deterministic.void.method] a method without return value cannot be deterministic
[WARNING] /Users/daniel/Documents/njit/WPI-Research/experiments-live/Nameless-Java-API-WPI/src/main/java/com/namelessmc/java_api/FilteredUserListBuilder.java:[30,27] [nullness:argument] incompatible argument for parameter obj of requireNonNull.
  found   : T extends @Initialized @Nullable Object
  required: T extends @Initialized @NonNull Object
[WARNING] /Users/daniel/Documents/njit/WPI-Research/experiments-live/Nameless-Java-API-WPI/src/main/java/com/namelessmc/java_api/modules/NamelessModule.java:[81,31] [nullness:contracts.precondition] precondition of ((NamelessModule)obj).name is not satisfied.
  found   : (NamelessModule)obj.downloadLink is @Nullable
  required: (NamelessModule)obj.downloadLink is @Nullable
[WARNING] /Users/daniel/Documents/njit/WPI-Research/experiments-live/Nameless-Java-API-WPI/src/main/java/com/namelessmc/java_api/logger/Slf4jLogger.java:[17,13] [keyfor:purity.deterministic.void.method] a method without return value cannot be deterministic
[WARNING] /Users/daniel/Documents/njit/WPI-Research/experiments-live/Nameless-Java-API-WPI/src/main/java/com/namelessmc/java_api/logger/Slf4jLogger.java:[17,13] [nullness:purity.deterministic.void.method] a method without return value cannot be deterministic
[WARNING] /Users/daniel/Documents/njit/WPI-Research/experiments-live/Nameless-Java-API-WPI/src/main/java/com/namelessmc/java_api/logger/Slf4jLogger.java:[18,18] [keyfor:purity.not.deterministic.not.sideeffectfree.call] call to non-deterministic side-effecting this.logger.info not allowed in deterministic side-effect-free method
[WARNING] /Users/daniel/Documents/njit/WPI-Research/experiments-live/Nameless-Java-API-WPI/src/main/java/com/namelessmc/java_api/logger/Slf4jLogger.java:[18,18] [nullness:purity.not.deterministic.not.sideeffectfree.call] call to non-deterministic side-effecting this.logger.info not allowed in deterministic side-effect-free method
[WARNING] /Users/daniel/Documents/njit/WPI-Research/experiments-live/Nameless-Java-API-WPI/src/main/java/com/namelessmc/java_api/logger/Slf4jLogger.java:[17,13] [optional:purity.deterministic.void.method] a method without return value cannot be deterministic
[WARNING] /Users/daniel/Documents/njit/WPI-Research/experiments-live/Nameless-Java-API-WPI/src/main/java/com/namelessmc/java_api/logger/Slf4jLogger.java:[18,18] [optional:purity.not.deterministic.not.sideeffectfree.call] call to non-deterministic side-effecting this.logger.info not allowed in deterministic side-effect-free method
[WARNING] /Users/daniel/Documents/njit/WPI-Research/experiments-live/Nameless-Java-API-WPI/src/main/java/com/namelessmc/java_api/logger/Slf4jLogger.java:[17,13] [regex:purity.deterministic.void.method] a method without return value cannot be deterministic
[WARNING] /Users/daniel/Documents/njit/WPI-Research/experiments-live/Nameless-Java-API-WPI/src/main/java/com/namelessmc/java_api/logger/Slf4jLogger.java:[18,18] [regex:purity.not.deterministic.not.sideeffectfree.call] call to non-deterministic side-effecting this.logger.info not allowed in deterministic side-effect-free method
[WARNING] /Users/daniel/Documents/njit/WPI-Research/experiments-live/Nameless-Java-API-WPI/src/main/java/com/namelessmc/java_api/logger/Slf4jLogger.java:[17,13] [formatter:purity.deterministic.void.method] a method without return value cannot be deterministic
[WARNING] /Users/daniel/Documents/njit/WPI-Research/experiments-live/Nameless-Java-API-WPI/src/main/java/com/namelessmc/java_api/logger/Slf4jLogger.java:[18,18] [formatter:purity.not.deterministic.not.sideeffectfree.call] call to non-deterministic side-effecting this.logger.info not allowed in deterministic side-effect-free method
[WARNING] /Users/daniel/Documents/njit/WPI-Research/experiments-live/Nameless-Java-API-WPI/src/main/java/com/namelessmc/java_api/logger/PrintStreamLogger.java:[18,13] [keyfor:purity.deterministic.void.method] a method without return value cannot be deterministic
[WARNING] /Users/daniel/Documents/njit/WPI-Research/experiments-live/Nameless-Java-API-WPI/src/main/java/com/namelessmc/java_api/logger/PrintStreamLogger.java:[18,13] [nullness:purity.deterministic.void.method] a method without return value cannot be deterministic
[WARNING] /Users/daniel/Documents/njit/WPI-Research/experiments-live/Nameless-Java-API-WPI/src/main/java/com/namelessmc/java_api/logger/PrintStreamLogger.java:[19,21] [keyfor:purity.not.deterministic.not.sideeffectfree.call] call to non-deterministic side-effecting this.stream.println not allowed in deterministic side-effect-free method
[WARNING] /Users/daniel/Documents/njit/WPI-Research/experiments-live/Nameless-Java-API-WPI/src/main/java/com/namelessmc/java_api/logger/PrintStreamLogger.java:[19,21] [nullness:purity.not.deterministic.not.sideeffectfree.call] call to non-deterministic side-effecting this.stream.println not allowed in deterministic side-effect-free method
[WARNING] /Users/daniel/Documents/njit/WPI-Research/experiments-live/Nameless-Java-API-WPI/src/main/java/com/namelessmc/java_api/logger/PrintStreamLogger.java:[18,13] [optional:purity.deterministic.void.method] a method without return value cannot be deterministic
[WARNING] /Users/daniel/Documents/njit/WPI-Research/experiments-live/Nameless-Java-API-WPI/src/main/java/com/namelessmc/java_api/logger/PrintStreamLogger.java:[19,21] [optional:purity.not.deterministic.not.sideeffectfree.call] call to non-deterministic side-effecting this.stream.println not allowed in deterministic side-effect-free method
[WARNING] /Users/daniel/Documents/njit/WPI-Research/experiments-live/Nameless-Java-API-WPI/src/main/java/com/namelessmc/java_api/logger/PrintStreamLogger.java:[18,13] [regex:purity.deterministic.void.method] a method without return value cannot be deterministic
[WARNING] /Users/daniel/Documents/njit/WPI-Research/experiments-live/Nameless-Java-API-WPI/src/main/java/com/namelessmc/java_api/logger/PrintStreamLogger.java:[19,21] [regex:purity.not.deterministic.not.sideeffectfree.call] call to non-deterministic side-effecting this.stream.println not allowed in deterministic side-effect-free method
[WARNING] /Users/daniel/Documents/njit/WPI-Research/experiments-live/Nameless-Java-API-WPI/src/main/java/com/namelessmc/java_api/logger/PrintStreamLogger.java:[18,13] [formatter:purity.deterministic.void.method] a method without return value cannot be deterministic
[WARNING] /Users/daniel/Documents/njit/WPI-Research/experiments-live/Nameless-Java-API-WPI/src/main/java/com/namelessmc/java_api/logger/PrintStreamLogger.java:[19,21] [formatter:purity.not.deterministic.not.sideeffectfree.call] call to non-deterministic side-effecting this.stream.println not allowed in deterministic side-effect-free method
[WARNING] /Users/daniel/Documents/njit/WPI-Research/experiments-live/Nameless-Java-API-WPI/src/main/java/com/namelessmc/java_api/logger/JavaLoggerLogger.java:[19,13] [keyfor:purity.deterministic.void.method] a method without return value cannot be deterministic
[WARNING] /Users/daniel/Documents/njit/WPI-Research/experiments-live/Nameless-Java-API-WPI/src/main/java/com/namelessmc/java_api/logger/JavaLoggerLogger.java:[19,13] [nullness:purity.deterministic.void.method] a method without return value cannot be deterministic
[WARNING] /Users/daniel/Documents/njit/WPI-Research/experiments-live/Nameless-Java-API-WPI/src/main/java/com/namelessmc/java_api/logger/JavaLoggerLogger.java:[20,17] [keyfor:purity.not.deterministic.call] call to non-deterministic method this.logger.log not allowed in deterministic method
[WARNING] /Users/daniel/Documents/njit/WPI-Research/experiments-live/Nameless-Java-API-WPI/src/main/java/com/namelessmc/java_api/logger/JavaLoggerLogger.java:[20,17] [nullness:purity.not.deterministic.call] call to non-deterministic method this.logger.log not allowed in deterministic method
[WARNING] /Users/daniel/Documents/njit/WPI-Research/experiments-live/Nameless-Java-API-WPI/src/main/java/com/namelessmc/java_api/logger/JavaLoggerLogger.java:[19,13] [optional:purity.deterministic.void.method] a method without return value cannot be deterministic
[WARNING] /Users/daniel/Documents/njit/WPI-Research/experiments-live/Nameless-Java-API-WPI/src/main/java/com/namelessmc/java_api/logger/JavaLoggerLogger.java:[20,17] [optional:purity.not.deterministic.call] call to non-deterministic method this.logger.log not allowed in deterministic method
[WARNING] /Users/daniel/Documents/njit/WPI-Research/experiments-live/Nameless-Java-API-WPI/src/main/java/com/namelessmc/java_api/logger/JavaLoggerLogger.java:[19,13] [regex:purity.deterministic.void.method] a method without return value cannot be deterministic
[WARNING] /Users/daniel/Documents/njit/WPI-Research/experiments-live/Nameless-Java-API-WPI/src/main/java/com/namelessmc/java_api/logger/JavaLoggerLogger.java:[20,17] [regex:purity.not.deterministic.call] call to non-deterministic method this.logger.log not allowed in deterministic method
[WARNING] /Users/daniel/Documents/njit/WPI-Research/experiments-live/Nameless-Java-API-WPI/src/main/java/com/namelessmc/java_api/logger/JavaLoggerLogger.java:[19,13] [formatter:purity.deterministic.void.method] a method without return value cannot be deterministic
[WARNING] /Users/daniel/Documents/njit/WPI-Research/experiments-live/Nameless-Java-API-WPI/src/main/java/com/namelessmc/java_api/logger/JavaLoggerLogger.java:[20,17] [formatter:purity.not.deterministic.call] call to non-deterministic method this.logger.log not allowed in deterministic method