[WARNING] /Users/daniel/Documents/njit/WPI-Research/experiments-live/Nameless-Java-API-WPI/src/main/java/com/namelessmc/java_api/integrations/DetailedDiscordIntegrationData.java:[12,46] [method.invocation] call to identifier() not allowed on the given receiver.
  found   : @UnderInitialization(com.namelessmc.java_api.integrations.DetailedDiscordIntegrationData.class) @NonNull IntegrationData
  required: @Initialized @NonNull IntegrationData
[WARNING] /Users/daniel/Documents/njit/WPI-Research/experiments-live/Nameless-Java-API-WPI/src/main/java/com/namelessmc/java_api/integrations/DetailedMinecraftIntegrationData.java:[15,63] [method.invocation] call to identifier() not allowed on the given receiver.
  found   : @UnderInitialization(com.namelessmc.java_api.integrations.DetailedIntegrationData.class) @NonNull IntegrationData
  required: @Initialized @NonNull IntegrationData
[WARNING] /Users/daniel/Documents/njit/WPI-Research/experiments-live/Nameless-Java-API-WPI/src/main/java/com/namelessmc/java_api/exception/ApiError.java:[89,24] [return] incompatible types in return.
  type of expression: @Initialized @Nullable ApiError
  method return type: @Initialized @NonNull ApiError
[WARNING] /Users/daniel/Documents/njit/WPI-Research/experiments-live/Nameless-Java-API-WPI/src/main/java/com/namelessmc/java_api/modules/store/StoreCustomer.java:[22,36] [assignment] incompatible types in assignment.
  found   : @Initialized @Nullable Integer
  required: @Initialized @NonNull Integer
[WARNING] /Users/daniel/Documents/njit/WPI-Research/experiments-live/Nameless-Java-API-WPI/src/main/java/com/namelessmc/java_api/modules/store/StoreCustomer.java:[24,4] [assignment] incompatible types in assignment.
  found   : @Initialized @Nullable String
  required: @Initialized @NonNull String
[WARNING] /Users/daniel/Documents/njit/WPI-Research/experiments-live/Nameless-Java-API-WPI/src/main/java/com/namelessmc/java_api/modules/store/StoreCustomer.java:[26,4] [assignment] incompatible types in assignment.
  found   : @Initialized @Nullable String
  required: @Initialized @NonNull String
[WARNING] /Users/daniel/Documents/njit/WPI-Research/experiments-live/Nameless-Java-API-WPI/src/main/java/com/namelessmc/java_api/modules/store/StoreCustomer.java:[38,29] [return] incompatible types in return.
  type of expression: @Initialized @Nullable NamelessUser
  method return type: @Initialized @NonNull NamelessUser
[WARNING] /Users/daniel/Documents/njit/WPI-Research/experiments-live/Nameless-Java-API-WPI/src/main/java/com/namelessmc/java_api/modules/store/StoreCustomer.java:[51,33] [return] incompatible types in return.
  type of expression: @Initialized @Nullable UUID
  method return type: @Initialized @NonNull UUID
[WARNING] /Users/daniel/Documents/njit/WPI-Research/experiments-live/Nameless-Java-API-WPI/src/main/java/com/namelessmc/java_api/NamelessAPI.java:[36,37] [assignment] incompatible types in assignment.
  found   : null (NullType)
  required: @Initialized @NonNull Website
[WARNING] /Users/daniel/Documents/njit/WPI-Research/experiments-live/Nameless-Java-API-WPI/src/main/java/com/namelessmc/java_api/NamelessAPI.java:[141,11] [return] incompatible types in return.
  type of expression: null (NullType)
  method return type: @Initialized @NonNull NamelessUser
[WARNING] /Users/daniel/Documents/njit/WPI-Research/experiments-live/Nameless-Java-API-WPI/src/main/java/com/namelessmc/java_api/NamelessAPI.java:[223,10] [return] incompatible types in return.
  type of expression: null (NullType)
  method return type: @Initialized @NonNull Group
[WARNING] /Users/daniel/Documents/njit/WPI-Research/experiments-live/Nameless-Java-API-WPI/src/main/java/com/namelessmc/java_api/NamelessUser.java:[36,1] [initialization.fields.uninitialized] the constructor does not initialize fields: _cachedUserInfo, _cachedIntegrationData
[WARNING] /Users/daniel/Documents/njit/WPI-Research/experiments-live/Nameless-Java-API-WPI/src/main/java/com/namelessmc/java_api/NamelessUser.java:[44,1] [initialization.fields.uninitialized] the constructor does not initialize fields: _cachedUserInfo, _cachedIntegrationData
[WARNING] /Users/daniel/Documents/njit/WPI-Research/experiments-live/Nameless-Java-API-WPI/src/main/java/com/namelessmc/java_api/NamelessUser.java:[94,25] [assignment] incompatible types in assignment.
  found   : null (NullType)
  required: @Initialized @NonNull JsonObject
[WARNING] /Users/daniel/Documents/njit/WPI-Research/experiments-live/Nameless-Java-API-WPI/src/main/java/com/namelessmc/java_api/NamelessUser.java:[95,32] [assignment] incompatible types in assignment.
  found   : null (NullType)
  required: @Initialized @NonNull Map<@Initialized @NonNull String, @Initialized @NonNull DetailedIntegrationData>
[WARNING] /Users/daniel/Documents/njit/WPI-Research/experiments-live/Nameless-Java-API-WPI/src/main/java/com/namelessmc/java_api/NamelessUser.java:[202,10] [return] incompatible types in return.
  type of expression: null (NullType)
  method return type: @Initialized @NonNull Group
[WARNING] /Users/daniel/Documents/njit/WPI-Research/experiments-live/Nameless-Java-API-WPI/src/main/java/com/namelessmc/java_api/NamelessUser.java:[369,29] [return] incompatible types in return.
  type of expression: @Initialized @Nullable UUID
  method return type: @Initialized @NonNull UUID
[WARNING] /Users/daniel/Documents/njit/WPI-Research/experiments-live/Nameless-Java-API-WPI/src/main/java/com/namelessmc/java_api/NamelessUser.java:[374,29] [return] incompatible types in return.
  type of expression: @Initialized @Nullable String
  method return type: @Initialized @NonNull String
[WARNING] /Users/daniel/Documents/njit/WPI-Research/experiments-live/Nameless-Java-API-WPI/src/main/java/com/namelessmc/java_api/NamelessUser.java:[379,29] [return] incompatible types in return.
  type of expression: @Initialized @Nullable Long
  method return type: @Initialized @NonNull Long
[WARNING] /Users/daniel/Documents/njit/WPI-Research/experiments-live/Nameless-Java-API-WPI/src/main/java/com/namelessmc/java_api/NamelessUser.java:[384,29] [return] incompatible types in return.
  type of expression: @Initialized @Nullable String
  method return type: @Initialized @NonNull String
[WARNING] /Users/daniel/Documents/njit/WPI-Research/experiments-live/Nameless-Java-API-WPI/src/main/java/com/namelessmc/java_api/RequestHandler.java:[86,47] [argument] incompatible argument for parameter postBody of makeConnection.
  found   : null (NullType)
  required: @Initialized @NonNull JsonObject
[WARNING] /Users/daniel/Documents/njit/WPI-Research/experiments-live/Nameless-Java-API-WPI/src/main/java/com/namelessmc/java_api/RequestHandler.java:[238,36] [argument] incompatible argument for parameter meta of ApiException.
  found   : @Initialized @Nullable String
  required: @Initialized @NonNull String
[WARNING] /Users/daniel/Documents/njit/WPI-Research/experiments-live/Nameless-Java-API-WPI/src/main/java/com/namelessmc/java_api/Group.java:[45,36] [override.param] Incompatible parameter type for other.
  found   : @Initialized @NonNull Object
  required: @Initialized @Nullable Object
  Consequence: method in @Initialized @NonNull Group
    @Initialized @NonNull boolean equals(@Initialized @NonNull Group this, @Initialized @NonNull Object p0)
  cannot override method in @Initialized @NonNull Object
    @Initialized @NonNull boolean equals(@Initialized @NonNull Object this, @Initialized @Nullable Object p0)
[WARNING] /Users/daniel/Documents/njit/WPI-Research/experiments-live/Nameless-Java-API-WPI/src/main/java/com/namelessmc/java_api/CustomProfileField.java:[56,36] [override.param] Incompatible parameter type for other.
  found   : @Initialized @NonNull Object
  required: @Initialized @Nullable Object
  Consequence: method in @Initialized @NonNull CustomProfileField
    @Initialized @NonNull boolean equals(@Initialized @NonNull CustomProfileField this, @Initialized @NonNull Object p0)
  cannot override method in @Initialized @NonNull Object
    @Initialized @NonNull boolean equals(@Initialized @NonNull Object this, @Initialized @Nullable Object p0)
[WARNING] /Users/daniel/Documents/njit/WPI-Research/experiments-live/Nameless-Java-API-WPI/src/main/java/com/namelessmc/java_api/Website.java:[44,18] [assignment] incompatible types in assignment.
  found   : null (NullType)
  required: @Initialized @NonNull Update
[WARNING] /Users/daniel/Documents/njit/WPI-Research/experiments-live/Nameless-Java-API-WPI/src/main/java/com/namelessmc/java_api/Website.java:[47,17] [assignment] incompatible types in assignment.
  found   : null (NullType)
  required: @Initialized @NonNull Update
[WARNING] /Users/daniel/Documents/njit/WPI-Research/experiments-live/Nameless-Java-API-WPI/src/main/java/com/namelessmc/java_api/FilteredUserListBuilder.java:[18,1] [initialization.fields.uninitialized] the constructor does not initialize fields: filters
[WARNING] /Users/daniel/Documents/njit/WPI-Research/experiments-live/Nameless-Java-API-WPI/src/main/java/com/namelessmc/java_api/FilteredUserListBuilder.java:[30,27] [argument] incompatible argument for parameter obj of requireNonNull.
  found   : T extends @Initialized @Nullable Object
  required: T extends @Initialized @NonNull Object
[WARNING] /Users/daniel/Documents/njit/WPI-Research/experiments-live/Nameless-Java-API-WPI/src/main/java/com/namelessmc/java_api/modules/NamelessModule.java:[12,76] [argument] incompatible argument for parameter downloadLink of NamelessModule.
  found   : null (NullType)
  required: @Initialized @NonNull String
[WARNING] /Users/daniel/Documents/njit/WPI-Research/experiments-live/Nameless-Java-API-WPI/src/main/java/com/namelessmc/java_api/modules/NamelessModule.java:[13,78] [argument] incompatible argument for parameter downloadLink of NamelessModule.
  found   : null (NullType)
  required: @Initialized @NonNull String
[WARNING] /Users/daniel/Documents/njit/WPI-Research/experiments-live/Nameless-Java-API-WPI/src/main/java/com/namelessmc/java_api/modules/NamelessModule.java:[14,106] [argument] incompatible argument for parameter downloadLink of NamelessModule.
  found   : null (NullType)
  required: @Initialized @NonNull String
[WARNING] /Users/daniel/Documents/njit/WPI-Research/experiments-live/Nameless-Java-API-WPI/src/main/java/com/namelessmc/java_api/modules/NamelessModule.java:[15,96] [argument] incompatible argument for parameter downloadLink of NamelessModule.
  found   : null (NullType)
  required: @Initialized @NonNull String
[WARNING] /Users/daniel/Documents/njit/WPI-Research/experiments-live/Nameless-Java-API-WPI/src/main/java/com/namelessmc/java_api/modules/NamelessModule.java:[62,65] [argument] incompatible argument for parameter downloadLink of NamelessModule.
  found   : null (NullType)
  required: @Initialized @NonNull String
[WARNING] /Users/daniel/Documents/njit/WPI-Research/experiments-live/Nameless-Java-API-WPI/src/main/java/com/namelessmc/java_api/modules/NamelessModule.java:[79,36] [override.param] Incompatible parameter type for obj.
  found   : @Initialized @NonNull Object
  required: @Initialized @Nullable Object
  Consequence: method in @Initialized @NonNull NamelessModule
    @Initialized @NonNull boolean equals(@Initialized @NonNull NamelessModule this, @Initialized @NonNull Object p0)
  cannot override method in @Initialized @NonNull Object
    @Initialized @NonNull boolean equals(@Initialized @NonNull Object this, @Initialized @Nullable Object p0)
[WARNING] /Users/daniel/Documents/njit/WPI-Research/experiments-live/Nameless-Java-API-WPI/src/main/java/com/namelessmc/java_api/NamelessApiBuilder.java:[34,33] [assignment] incompatible types in assignment.
  found   : null (NullType)
  required: @Initialized @NonNull ApiLogger
[WARNING] /Users/daniel/Documents/njit/WPI-Research/experiments-live/Nameless-Java-API-WPI/src/main/java/com/namelessmc/java_api/NamelessApiBuilder.java:[35,31] [assignment] incompatible types in assignment.
  found   : null (NullType)
  required: @Initialized @NonNull ProxySelector
[WARNING] /Users/daniel/Documents/njit/WPI-Research/experiments-live/Nameless-Java-API-WPI/src/main/java/com/namelessmc/java_api/NamelessApiBuilder.java:[36,39] [assignment] incompatible types in assignment.
  found   : null (NullType)
  required: @Initialized @NonNull Authenticator
[WARNING] /Users/daniel/Documents/njit/WPI-Research/experiments-live/Nameless-Java-API-WPI/src/main/java/com/namelessmc/java_api/NamelessApiBuilder.java:[37,42] [assignment] incompatible types in assignment.
  found   : null (NullType)
  required: @Initialized @NonNull Version
[WARNING] /Users/daniel/Documents/njit/WPI-Research/experiments-live/Nameless-Java-API-WPI/src/main/java/com/namelessmc/java_api/NamelessVersion.java:[18,6] [argument] incompatible argument for parameter exactMatchName of NamelessVersion.
  found   : null (NullType)
  required: @Initialized @NonNull String
[WARNING] /Users/daniel/Documents/njit/WPI-Research/experiments-live/Nameless-Java-API-WPI/src/main/java/com/namelessmc/java_api/NamelessVersion.java:[19,6] [argument] incompatible argument for parameter exactMatchName of NamelessVersion.
  found   : null (NullType)
  required: @Initialized @NonNull String
[WARNING] /Users/daniel/Documents/njit/WPI-Research/experiments-live/Nameless-Java-API-WPI/src/main/java/com/namelessmc/java_api/util/GsonHelper.java:[52,9] [return] incompatible types in return.
  type of expression: null (NullType)
  method return type: @Initialized @NonNull String